c:\users\hijam\onedrive\desktop\animation\hodson_lander\anim\debug\vc143.pdb
c:\users\hijam\onedrive\desktop\animation\hodson_lander\anim\debug\vc143.idb
c:\users\hijam\onedrive\desktop\animation\hodson_lander\anim\debug\anim.obj
c:\users\hijam\onedrive\desktop\animation\hodson_lander\anim\debug\animtcl.obj
c:\users\hijam\onedrive\desktop\animation\hodson_lander\anim\debug\baseobject.obj
c:\users\hijam\onedrive\desktop\animation\hodson_lander\anim\debug\basesimulator.obj
c:\users\hijam\onedrive\desktop\animation\hodson_lander\anim\debug\bezier.obj
c:\users\hijam\onedrive\desktop\animation\hodson_lander\anim\debug\common.obj
c:\users\hijam\onedrive\desktop\animation\hodson_lander\anim\debug\globalresourcemanager.obj
c:\users\hijam\onedrive\desktop\animation\hodson_lander\anim\debug\lander.obj
c:\users\hijam\onedrive\desktop\animation\hodson_lander\anim\debug\landersim.obj
c:\users\hijam\onedrive\desktop\animation\hodson_lander\anim\debug\myscene.obj
c:\users\hijam\onedrive\desktop\animation\hodson_lander\anim\debug\performancemetrics.obj
c:\users\hijam\onedrive\desktop\animation\hodson_lander\anim\debug\resourcemanager.obj
c:\users\hijam\onedrive\desktop\animation\hodson_lander\anim\debug\basesystem.obj
c:\users\hijam\onedrive\desktop\animation\hodson_lander\build\anim.exe
c:\users\hijam\onedrive\desktop\animation\hodson_lander\build\animp.pdb
c:\users\hijam\onedrive\desktop\animation\hodson_lander\anim\debug\anim.ilk
c:\users\hijam\onedrive\desktop\animation\hodson_lander\anim\debug\anim.tlog\cl.command.1.tlog
c:\users\hijam\onedrive\desktop\animation\hodson_lander\anim\debug\anim.tlog\cl.items.tlog
c:\users\hijam\onedrive\desktop\animation\hodson_lander\anim\debug\anim.tlog\cl.read.1.tlog
c:\users\hijam\onedrive\desktop\animation\hodson_lander\anim\debug\anim.tlog\cl.write.1.tlog
c:\users\hijam\onedrive\desktop\animation\hodson_lander\anim\debug\anim.tlog\link.command.1.tlog
c:\users\hijam\onedrive\desktop\animation\hodson_lander\anim\debug\anim.tlog\link.read.1.tlog
c:\users\hijam\onedrive\desktop\animation\hodson_lander\anim\debug\anim.tlog\link.secondary.1.tlog
c:\users\hijam\onedrive\desktop\animation\hodson_lander\anim\debug\anim.tlog\link.write.1.tlog
